<?xml version="1.0" encoding="UTF-8"?>
<!-- Generated by org.testng.reporters.JUnitReportReporter -->
<testsuite hostname="DESKTOP-0SQUO0H" failures="0" tests="3" name="variousConcepts.CRM_Test" time="39.721" errors="0" timestamp="2024-04-01T17:50:20 CDT" skipped="0">
  <testcase classname="variousConcepts.CRM_Test" name="testLogin" time="16.888"/>
  <system-out/>
  <testcase classname="variousConcepts.CRM_Test" name="testAlert" time="5.389"/>
  <system-out/>
  <testcase classname="variousConcepts.CRM_Test" name="testAddCustomer" time="17.444"/>
  <system-out/>
</testsuite> <!-- variousConcepts.CRM_Test -->
